 command line:
   ./csa8b_testbench_isim_beh.exe
     -intstyle  ise
     -ipchost  localhost
     -ipcport  1457

Wed Oct 10 13:27:11 2007

Total Line Count = 816

 Elaboration time 0 sec.

 Estimate current memory usage 44.6341 Meg. 

 Total signals 160
 Total nets 260
 Total signal drivers 75
 Total blocks 36
 Total primitive blocks 30
 Total processes 73
ntrace select -o on -n /csa8b_testbench/ci 
ntrace select -o on -n /csa8b_testbench/a 
ntrace select -o on -n /csa8b_testbench/b 
ntrace select -o on -n /csa8b_testbench/op 
ntrace select -o on -n /csa8b_testbench/s 
ntrace select -o on -n /csa8b_testbench/cout 
ntrace select -o on -n /csa8b_testbench/overflow 
ntrace start 
run 1000 ns 
Simulator is doing circuit initialization process.
Finished circuit initialization process.
